2019-05-04 17:31:27,686 disire_caps.py[line:33] INFO 启动成功
2019-05-04 17:31:27,693 disire_caps.py[line:33] INFO 启动成功
2019-05-04 18:23:43,936 disire_caps.py[line:33] INFO 启动成功
2019-05-04 18:23:43,941 commomFunction.py[line:12] INFO ========== start 1 ==========
2019-05-04 18:23:52,177 commomFunction.py[line:16] INFO no such element:允许 one 
2019-05-04 18:23:52,178 commomFunction.py[line:21] INFO ======== start 2 ========
2019-05-04 18:24:00,411 commomFunction.py[line:25] INFO no such element:允许 two
2019-05-04 18:24:00,411 login_action.py[line:29] INFO ======start login=========
2019-05-04 18:24:00,411 login_action.py[line:30] INFO 输入工号
2019-05-04 18:24:00,503 login_action.py[line:33] INFO 输入手机号码后四位
2019-05-04 18:24:01,106 login_action.py[line:36] INFO 输入验证码
2019-05-04 18:24:02,529 login_action.py[line:41] INFO 选择环境
2019-05-04 18:24:04,295 login_action.py[line:44] INFO click loginBtn
2019-05-04 18:24:04,372 login_action.py[line:46] INFO ========stop  login=========
2019-05-04 18:24:09,404 login_action.py[line:50] INFO 开始九宫格 第1次，，，，，
2019-05-04 18:24:14,729 login_action.py[line:50] INFO 开始九宫格 第2次，，，，，
2019-05-04 18:24:20,061 login_action.py[line:56] INFO 九宫格设置结束，，，，，
2019-05-04 18:25:29,364 disire_caps.py[line:33] INFO 启动成功
2019-05-04 18:25:29,381 commomFunction.py[line:12] INFO ========== start 1 ==========
2019-05-04 18:25:37,494 commomFunction.py[line:16] INFO no such element:允许 one 
2019-05-04 18:25:37,498 commomFunction.py[line:21] INFO ======== start 2 ========
2019-05-04 18:25:45,994 commomFunction.py[line:25] INFO no such element:允许 two
2019-05-04 18:25:45,995 login_action.py[line:29] INFO ======start login=========
2019-05-04 18:25:45,995 login_action.py[line:30] INFO 输入工号
2019-05-04 18:25:46,085 login_action.py[line:33] INFO 输入手机号码后四位
2019-05-04 18:25:46,646 login_action.py[line:36] INFO 输入验证码
2019-05-04 18:25:47,933 login_action.py[line:41] INFO 选择环境
2019-05-04 18:25:49,614 login_action.py[line:44] INFO click loginBtn
2019-05-04 18:25:49,691 login_action.py[line:46] INFO ========stop  login=========
2019-05-04 18:25:51,914 login_action.py[line:50] INFO 开始九宫格 第1次，，，，，
2019-05-04 18:25:57,208 login_action.py[line:50] INFO 开始九宫格 第2次，，，，，
2019-05-04 18:26:02,508 login_action.py[line:56] INFO 九宫格设置结束，，，，，
2019-05-04 18:26:03,174 CreditReporting.py[line:53] INFO 点击新建订单
2019-05-04 18:26:04,884 CreditReporting.py[line:56] INFO 开始选择市场名称
2019-05-04 18:26:06,531 CreditReporting.py[line:59] INFO 开始选择车商门店
2019-05-04 18:26:08,490 CreditReporting.py[line:62] INFO 开始录入主贷人信息
2019-05-04 18:26:11,693 CreditReporting.py[line:67] INFO 选择主贷人婚姻状况
2019-05-04 18:26:13,828 CreditReporting.py[line:71] INFO 向上滑动
2019-05-04 18:26:15,570 CreditReporting.py[line:74] INFO 上传电子信息授权书
2019-05-04 18:26:19,364 CreditReporting.py[line:80] INFO 向下滑动
2019-05-04 18:33:00,878 disire_caps.py[line:33] INFO 启动成功
2019-05-04 18:33:00,884 commomFunction.py[line:12] INFO ========== start 1 ==========
2019-05-04 18:33:09,006 commomFunction.py[line:16] INFO no such element:允许 one 
2019-05-04 18:33:09,007 commomFunction.py[line:21] INFO ======== start 2 ========
2019-05-04 18:33:17,516 commomFunction.py[line:25] INFO no such element:允许 two
2019-05-04 18:33:17,516 login_action.py[line:29] INFO ======start login=========
2019-05-04 18:33:17,516 login_action.py[line:30] INFO 输入工号
2019-05-04 18:33:17,583 login_action.py[line:33] INFO 输入手机号码后四位
2019-05-04 18:33:18,148 login_action.py[line:36] INFO 输入验证码
2019-05-04 18:33:19,518 login_action.py[line:41] INFO 选择环境
2019-05-04 18:33:21,337 login_action.py[line:44] INFO click loginBtn
2019-05-04 18:33:21,399 login_action.py[line:46] INFO ========stop  login=========
2019-05-04 18:33:23,854 login_action.py[line:50] INFO 开始九宫格 第1次，，，，，
2019-05-04 18:33:29,170 login_action.py[line:50] INFO 开始九宫格 第2次，，，，，
2019-05-04 18:33:35,205 login_action.py[line:56] INFO 九宫格设置结束，，，，，
2019-05-04 18:33:35,774 CreditReporting.py[line:53] INFO 点击新建订单
2019-05-04 18:33:37,550 CreditReporting.py[line:56] INFO 开始选择市场名称
2019-05-04 18:33:38,654 CreditReporting.py[line:59] INFO 开始选择车商门店
2019-05-04 18:33:41,480 CreditReporting.py[line:62] INFO 开始录入主贷人信息
2019-05-04 18:33:44,590 CreditReporting.py[line:67] INFO 选择主贷人婚姻状况
2019-05-04 18:33:46,570 CreditReporting.py[line:71] INFO 向上滑动
2019-05-04 18:33:48,325 CreditReporting.py[line:74] INFO 上传电子信息授权书
2019-05-04 18:33:51,917 CreditReporting.py[line:80] INFO 向下滑动
2019-05-04 18:33:57,802 commomFunction.py[line:49] INFO get 登录成功 screenShot
2019-05-04 18:36:31,831 disire_caps.py[line:33] INFO 启动成功
2019-05-04 18:36:31,836 commomFunction.py[line:12] INFO ========== start 1 ==========
2019-05-04 18:36:40,015 commomFunction.py[line:16] INFO no such element:允许 one 
2019-05-04 18:36:40,019 commomFunction.py[line:21] INFO ======== start 2 ========
2019-05-04 18:36:48,517 commomFunction.py[line:25] INFO no such element:允许 two
2019-05-04 18:36:48,518 login_action.py[line:29] INFO ======start login=========
2019-05-04 18:36:48,518 login_action.py[line:30] INFO 输入工号
2019-05-04 18:36:48,601 login_action.py[line:33] INFO 输入手机号码后四位
2019-05-04 18:36:49,202 login_action.py[line:36] INFO 输入验证码
2019-05-04 18:36:50,480 login_action.py[line:41] INFO 选择环境
2019-05-04 18:36:52,259 login_action.py[line:44] INFO click loginBtn
2019-05-04 18:36:52,327 login_action.py[line:46] INFO ========stop  login=========
2019-05-04 18:36:54,877 login_action.py[line:50] INFO 开始九宫格 第1次，，，，，
2019-05-04 18:37:00,258 login_action.py[line:50] INFO 开始九宫格 第2次，，，，，
2019-05-04 18:37:05,572 login_action.py[line:56] INFO 九宫格设置结束，，，，，
2019-05-04 18:37:06,351 CreditReporting.py[line:54] INFO 点击新建订单
2019-05-04 18:37:08,151 CreditReporting.py[line:57] INFO 开始选择市场名称
2019-05-04 18:37:09,861 CreditReporting.py[line:60] INFO 开始选择车商门店
2019-05-04 18:37:11,869 CreditReporting.py[line:63] INFO 开始录入主贷人信息
2019-05-04 18:37:15,240 CreditReporting.py[line:68] INFO 选择主贷人婚姻状况
2019-05-04 18:37:16,828 CreditReporting.py[line:72] INFO 向上滑动
2019-05-04 18:37:18,652 CreditReporting.py[line:75] INFO 上传电子信息授权书
2019-05-04 18:37:22,668 CreditReporting.py[line:81] INFO 向下滑动
2019-05-04 18:38:33,046 disire_caps.py[line:33] INFO 启动成功
2019-05-04 18:38:33,050 commomFunction.py[line:12] INFO ========== start 1 ==========
2019-05-04 18:38:41,156 commomFunction.py[line:16] INFO no such element:允许 one 
2019-05-04 18:38:41,157 commomFunction.py[line:21] INFO ======== start 2 ========
2019-05-04 18:38:49,178 commomFunction.py[line:25] INFO no such element:允许 two
2019-05-04 18:38:49,178 login_action.py[line:29] INFO ======start login=========
2019-05-04 18:38:49,178 login_action.py[line:30] INFO 输入工号
2019-05-04 18:38:49,269 login_action.py[line:33] INFO 输入手机号码后四位
2019-05-04 18:38:49,832 login_action.py[line:36] INFO 输入验证码
2019-05-04 18:38:51,130 login_action.py[line:41] INFO 选择环境
2019-05-04 18:38:52,750 login_action.py[line:44] INFO click loginBtn
2019-05-04 18:38:53,304 login_action.py[line:46] INFO ========stop  login=========
2019-05-04 18:38:55,717 login_action.py[line:50] INFO 开始九宫格 第1次，，，，，
2019-05-04 18:39:01,126 login_action.py[line:50] INFO 开始九宫格 第2次，，，，，
2019-05-04 18:39:06,422 login_action.py[line:56] INFO 九宫格设置结束，，，，，
2019-05-04 18:39:07,114 CreditReporting.py[line:54] INFO 点击新建订单
2019-05-04 18:39:08,880 CreditReporting.py[line:57] INFO 开始选择市场名称
2019-05-04 18:39:10,593 CreditReporting.py[line:60] INFO 开始选择车商门店
2019-05-04 18:39:12,224 CreditReporting.py[line:63] INFO 开始录入主贷人信息
2019-05-04 18:39:14,869 CreditReporting.py[line:68] INFO 选择主贷人婚姻状况
2019-05-04 18:39:17,005 CreditReporting.py[line:72] INFO 向上滑动
2019-05-04 18:39:18,829 CreditReporting.py[line:75] INFO 上传电子信息授权书
2019-05-04 18:39:23,728 CreditReporting.py[line:81] INFO 向下滑动
2019-05-04 18:45:19,113 disire_caps.py[line:33] INFO 启动成功
2019-05-04 18:45:19,120 commomFunction.py[line:12] INFO ========== start 1 ==========
2019-05-04 18:45:27,331 commomFunction.py[line:16] INFO no such element:允许 one 
2019-05-04 18:45:27,333 commomFunction.py[line:21] INFO ======== start 2 ========
2019-05-04 18:45:35,484 commomFunction.py[line:25] INFO no such element:允许 two
2019-05-04 18:45:35,485 login_action.py[line:29] INFO ======start login=========
2019-05-04 18:45:35,485 login_action.py[line:30] INFO 输入工号
2019-05-04 18:45:35,589 login_action.py[line:33] INFO 输入手机号码后四位
2019-05-04 18:45:36,162 login_action.py[line:36] INFO 输入验证码
2019-05-04 18:45:37,474 login_action.py[line:41] INFO 选择环境
2019-05-04 18:45:39,186 login_action.py[line:44] INFO click loginBtn
2019-05-04 18:45:39,241 login_action.py[line:46] INFO ========stop  login=========
2019-05-04 18:45:42,244 login_action.py[line:50] INFO 开始九宫格 第1次，，，，，
2019-05-04 18:45:47,847 login_action.py[line:50] INFO 开始九宫格 第2次，，，，，
2019-05-04 18:45:53,158 login_action.py[line:56] INFO 九宫格设置结束，，，，，
2019-05-04 18:45:54,734 CreditReporting.py[line:54] INFO 点击新建订单
2019-05-04 18:45:56,471 CreditReporting.py[line:57] INFO 开始选择市场名称
2019-05-04 18:45:58,094 CreditReporting.py[line:60] INFO 开始选择车商门店
2019-05-04 18:46:01,161 CreditReporting.py[line:63] INFO 开始录入主贷人信息
2019-05-04 18:46:03,904 CreditReporting.py[line:68] INFO 选择主贷人婚姻状况
2019-05-04 18:46:05,930 CreditReporting.py[line:72] INFO 向上滑动
2019-05-04 18:46:07,682 CreditReporting.py[line:75] INFO 上传电子信息授权书
2019-05-04 18:46:11,273 CreditReporting.py[line:81] INFO 向下滑动
2019-05-04 18:47:49,107 disire_caps.py[line:33] INFO 启动成功
2019-05-04 18:47:49,118 commomFunction.py[line:12] INFO ========== start 1 ==========
2019-05-04 18:47:57,535 commomFunction.py[line:16] INFO no such element:允许 one 
2019-05-04 18:47:57,536 commomFunction.py[line:21] INFO ======== start 2 ========
2019-05-04 18:48:05,686 commomFunction.py[line:25] INFO no such element:允许 two
2019-05-04 18:48:05,686 login_action.py[line:29] INFO ======start login=========
2019-05-04 18:48:05,686 login_action.py[line:30] INFO 输入工号
2019-05-04 18:48:05,784 login_action.py[line:33] INFO 输入手机号码后四位
2019-05-04 18:48:06,350 login_action.py[line:36] INFO 输入验证码
2019-05-04 18:48:07,646 login_action.py[line:41] INFO 选择环境
2019-05-04 18:48:09,430 login_action.py[line:44] INFO click loginBtn
2019-05-04 18:48:09,495 login_action.py[line:46] INFO ========stop  login=========
2019-05-04 18:48:12,782 login_action.py[line:50] INFO 开始九宫格 第1次，，，，，
2019-05-04 18:48:18,101 login_action.py[line:50] INFO 开始九宫格 第2次，，，，，
2019-05-04 18:48:23,404 login_action.py[line:56] INFO 九宫格设置结束，，，，，
2019-05-04 18:48:24,152 CreditReporting.py[line:54] INFO 点击新建订单
2019-05-04 18:48:25,980 CreditReporting.py[line:57] INFO 开始选择市场名称
2019-05-04 18:48:27,508 CreditReporting.py[line:60] INFO 开始选择车商门店
2019-05-04 18:48:29,299 CreditReporting.py[line:63] INFO 开始录入主贷人信息
2019-05-04 18:48:32,494 CreditReporting.py[line:68] INFO 选择主贷人婚姻状况
2019-05-04 18:48:34,707 CreditReporting.py[line:72] INFO 向上滑动
2019-05-04 18:48:36,444 CreditReporting.py[line:75] INFO 上传电子信息授权书
2019-05-04 18:48:40,525 CreditReporting.py[line:81] INFO 向下滑动
2019-05-04 18:48:48,511 commomFunction.py[line:49] INFO get 登录成功 screenShot
